<?xml version="1.0" encoding="UTF-8"?>
<!-- Generated by org.testng.reporters.JUnitXMLReporter -->
<testsuite ignored="0" hostname="DESKTOP-5UJQLFP" failures="0" tests="7" name="Default test" time="25.868" errors="0" timestamp="2024-02-12T20:59:41 ART">
  <testcase classname="tests.TestToDo" name="login" time="7.189"/>
  <testcase classname="tests.TestToDo" name="buyProduct" time="1.961"/>
  <testcase classname="tests.TestToDo" name="viewFullCart" time="2.007"/>
  <testcase classname="tests.TestToDo" name="personalInformation" time="2.493"/>
  <testcase classname="tests.TestToDo" name="confirmInformationCheckout" time="3.504"/>
  <testcase classname="tests.TestToDo" name="checkOutComplete" time="1.706"/>
  <testcase classname="tests.TestToDo" name="logout" time="2.308"/>
</testsuite> <!-- Default test -->
