<?xml version="1.0" encoding="UTF-8"?>
<testng-results ignored="0" total="9" passed="9" failed="0" skipped="0">
  <reporter-output>
  </reporter-output>
  <suite started-at="2024-02-13T13:19:21 ART" name="Default suite" finished-at="2024-02-13T13:19:52 ART" duration-ms="30922">
    <groups>
    </groups>
    <test started-at="2024-02-13T13:19:21 ART" name="Default test" finished-at="2024-02-13T13:19:52 ART" duration-ms="30922">
      <class name="tests.TestToDo">
        <test-method is-config="true" signature="setUp()[pri:0, instance:tests.TestToDo@75d3a5e0]" started-at="2024-02-13T13:19:05 ART" name="setUp" finished-at="2024-02-13T13:19:21 ART" duration-ms="15312" status="PASS">
          <reporter-output>
          </reporter-output>
        </test-method> <!-- setUp -->
        <test-method signature="login(java.lang.String,java.lang.String)[pri:1, instance:tests.TestToDo@75d3a5e0]" started-at="2024-02-13T13:19:27 ART" name="login" description="login write user and password" data-provider="Datos Login Excel" finished-at="2024-02-13T13:19:32 ART" duration-ms="5027" status="PASS">
          <params>
            <param index="0">
              <value>
                <![CDATA[standard_user]]>
              </value>
            </param>
            <param index="1">
              <value>
                <![CDATA[secret_sauce]]>
              </value>
            </param>
          </params>
          <reporter-output>
          </reporter-output>
        </test-method> <!-- login -->
        <test-method signature="checkProductCount()[pri:0, instance:tests.TestToDo@75d3a5e0]" started-at="2024-02-13T13:19:32 ART" name="checkProductCount" description="Verify that the number of products on the PLP equals six." finished-at="2024-02-13T13:19:34 ART" depends-on-methods="tests.TestToDo.login" duration-ms="1250" status="PASS">
          <reporter-output>
          </reporter-output>
        </test-method> <!-- checkProductCount -->
        <test-method signature="removeProduct()[pri:0, instance:tests.TestToDo@75d3a5e0]" started-at="2024-02-13T13:19:34 ART" name="removeProduct" description="remove product from the shopping cart" finished-at="2024-02-13T13:19:37 ART" depends-on-methods="tests.TestToDo.login" duration-ms="3263" status="PASS">
          <reporter-output>
          </reporter-output>
        </test-method> <!-- removeProduct -->
        <test-method signature="buyProduct()[pri:2, instance:tests.TestToDo@75d3a5e0]" started-at="2024-02-13T13:19:37 ART" name="buyProduct" description="buy a product on the PLP" finished-at="2024-02-13T13:19:39 ART" depends-on-methods="tests.TestToDo.login" duration-ms="1870" status="PASS">
          <reporter-output>
          </reporter-output>
        </test-method> <!-- buyProduct -->
        <test-method signature="viewFullCart()[pri:3, instance:tests.TestToDo@75d3a5e0]" started-at="2024-02-13T13:19:39 ART" name="viewFullCart" description="after purchase view full cart" finished-at="2024-02-13T13:19:40 ART" depends-on-methods="tests.TestToDo.login" duration-ms="1671" status="PASS">
          <reporter-output>
          </reporter-output>
        </test-method> <!-- viewFullCart -->
        <test-method signature="personalInformation()[pri:4, instance:tests.TestToDo@75d3a5e0]" started-at="2024-02-13T13:19:40 ART" name="personalInformation" description="after click on checkout, complete with personal information" finished-at="2024-02-13T13:19:44 ART" depends-on-methods="tests.TestToDo.login" duration-ms="3618" status="PASS">
          <reporter-output>
          </reporter-output>
        </test-method> <!-- personalInformation -->
        <test-method signature="confirmInformationCheckout()[pri:5, instance:tests.TestToDo@75d3a5e0]" started-at="2024-02-13T13:19:44 ART" name="confirmInformationCheckout" description="after complete personal information, confirm checkout" finished-at="2024-02-13T13:19:46 ART" depends-on-methods="tests.TestToDo.login" duration-ms="2326" status="PASS">
          <reporter-output>
          </reporter-output>
        </test-method> <!-- confirmInformationCheckout -->
        <test-method signature="checkOutComplete()[pri:6, instance:tests.TestToDo@75d3a5e0]" started-at="2024-02-13T13:19:46 ART" name="checkOutComplete" description=" information completed and purchase finished - back to PLP" finished-at="2024-02-13T13:19:48 ART" depends-on-methods="tests.TestToDo.login" duration-ms="1611" status="PASS">
          <reporter-output>
          </reporter-output>
        </test-method> <!-- checkOutComplete -->
        <test-method signature="logout()[pri:7, instance:tests.TestToDo@75d3a5e0]" started-at="2024-02-13T13:19:48 ART" name="logout" description="open leftList and click on logout" finished-at="2024-02-13T13:19:52 ART" duration-ms="3420" status="PASS">
          <reporter-output>
          </reporter-output>
        </test-method> <!-- logout -->
        <test-method is-config="true" signature="tearDown()[pri:0, instance:tests.TestToDo@75d3a5e0]" started-at="2024-02-13T13:19:52 ART" name="tearDown" finished-at="2024-02-13T13:19:53 ART" duration-ms="812" status="PASS">
          <reporter-output>
          </reporter-output>
        </test-method> <!-- tearDown -->
      </class> <!-- tests.TestToDo -->
    </test> <!-- Default test -->
  </suite> <!-- Default suite -->
</testng-results>
