<?xml version="1.0" encoding="UTF-8"?>
<testng-results ignored="0" total="7" passed="7" failed="0" skipped="0">
  <reporter-output>
  </reporter-output>
  <suite started-at="2024-02-12T19:39:43 ART" name="Default suite" finished-at="2024-02-12T19:39:56 ART" duration-ms="12751">
    <groups>
    </groups>
    <test started-at="2024-02-12T19:39:43 ART" name="Default test" finished-at="2024-02-12T19:39:56 ART" duration-ms="12751">
      <class name="tests.TestToDo">
        <test-method is-config="true" signature="setUp()[pri:0, instance:tests.TestToDo@235ecd9f]" started-at="2024-02-12T19:39:33 ART" name="setUp" finished-at="2024-02-12T19:39:43 ART" duration-ms="10568" status="PASS">
          <reporter-output>
          </reporter-output>
        </test-method> <!-- setUp -->
        <test-method signature="login(java.lang.String,java.lang.String)[pri:1, instance:tests.TestToDo@235ecd9f]" started-at="2024-02-12T19:39:48 ART" name="login" description="login write user and password" data-provider="Datos Login Excel" finished-at="2024-02-12T19:39:55 ART" duration-ms="7511" status="PASS">
          <params>
            <param index="0">
              <value>
                <![CDATA[standard_user]]>
              </value>
            </param>
            <param index="1">
              <value>
                <![CDATA[secret_sauce]]>
              </value>
            </param>
          </params>
          <reporter-output>
          </reporter-output>
        </test-method> <!-- login -->
        <test-method signature="buyProduct()[pri:2, instance:tests.TestToDo@235ecd9f]" started-at="2024-02-12T19:39:55 ART" name="buyProduct" description="buy a product on the PLP" finished-at="2024-02-12T19:39:56 ART" depends-on-methods="tests.TestToDo.login" duration-ms="8" status="PASS">
          <reporter-output>
          </reporter-output>
        </test-method> <!-- buyProduct -->
        <test-method signature="viewFullCart()[pri:3, instance:tests.TestToDo@235ecd9f]" started-at="2024-02-12T19:39:56 ART" name="viewFullCart" description="after purchase view full cart" finished-at="2024-02-12T19:39:56 ART" depends-on-methods="tests.TestToDo.login" duration-ms="22" status="PASS">
          <reporter-output>
          </reporter-output>
        </test-method> <!-- viewFullCart -->
        <test-method signature="personalInformation()[pri:4, instance:tests.TestToDo@235ecd9f]" started-at="2024-02-12T19:39:56 ART" name="personalInformation" description="after click on checkout, complete with personal information" finished-at="2024-02-12T19:39:56 ART" depends-on-methods="tests.TestToDo.login" duration-ms="18" status="PASS">
          <reporter-output>
          </reporter-output>
        </test-method> <!-- personalInformation -->
        <test-method signature="confirmInformationCheckout()[pri:5, instance:tests.TestToDo@235ecd9f]" started-at="2024-02-12T19:39:56 ART" name="confirmInformationCheckout" description="after complete personal information, confirm checkout" finished-at="2024-02-12T19:39:56 ART" depends-on-methods="tests.TestToDo.login" duration-ms="57" status="PASS">
          <reporter-output>
          </reporter-output>
        </test-method> <!-- confirmInformationCheckout -->
        <test-method signature="checkOutComplete()[pri:6, instance:tests.TestToDo@235ecd9f]" started-at="2024-02-12T19:39:56 ART" name="checkOutComplete" description=" information completed and purchase finished - back to PLP" finished-at="2024-02-12T19:39:56 ART" depends-on-methods="tests.TestToDo.login" duration-ms="14" status="PASS">
          <reporter-output>
          </reporter-output>
        </test-method> <!-- checkOutComplete -->
        <test-method signature="logout()[pri:7, instance:tests.TestToDo@235ecd9f]" started-at="2024-02-12T19:39:56 ART" name="logout" description="open leftList and click on logout" finished-at="2024-02-12T19:39:56 ART" duration-ms="33" status="PASS">
          <reporter-output>
          </reporter-output>
        </test-method> <!-- logout -->
        <test-method is-config="true" signature="tearDown()[pri:0, instance:tests.TestToDo@235ecd9f]" started-at="2024-02-12T19:39:56 ART" name="tearDown" finished-at="2024-02-12T19:39:57 ART" duration-ms="1114" status="PASS">
          <reporter-output>
          </reporter-output>
        </test-method> <!-- tearDown -->
      </class> <!-- tests.TestToDo -->
    </test> <!-- Default test -->
  </suite> <!-- Default suite -->
</testng-results>
